<?xml version="1.0" encoding="UTF-8"?>
<!-- Generated by org.testng.reporters.JUnitXMLReporter -->
<testsuite ignored="0" hostname="LAPTOP-6H0FSJA9" failures="2" tests="2" name="Test2" time="8.095" errors="0" timestamp="2023-09-16T09:48:59 IST">
  <testcase classname="Testng.Saucedemo3" name="invalidcredinals" time="3.331">
    <failure type="java.lang.AssertionError" message="did not expect [https://www.saucedemo.com/] but found [https://www.saucedemo.com/]">
      <![CDATA[java.lang.AssertionError: did not expect [https://www.saucedemo.com/] but found [https://www.saucedemo.com/]
at Testng.Saucedemo3.invalidcredinals(Saucedemo3.java:50)
at java.base/java.util.ArrayList.forEach(ArrayList.java:1511)
... Removed 30 stack frames]]>
    </failure>
  </testcase> <!-- invalidcredinals -->
  <testcase classname="Testng.Saucedemo3" name="validcredinals" time="0.0">
    <failure type="org.testng.TestNGException" message="
Parameter &amp;apos;username&amp;apos; is required by @Test on method validcredinals but has not been marked @Optional or defined
in C:\Users\kiran\eclipse-workspace\SDET_Testng_java\testng2.xml">
      <![CDATA[org.testng.TestNGException: 
Parameter 'username' is required by @Test on method validcredinals but has not been marked @Optional or defined
in C:\Users\kiran\eclipse-workspace\SDET_Testng_java\testng2.xml
at java.base/java.util.ArrayList.forEach(ArrayList.java:1511)
... Removed 26 stack frames]]>
    </failure>
  </testcase> <!-- validcredinals -->
</testsuite> <!-- Test2 -->
